<?xml version="1.0" encoding="UTF-8"?>
<!-- Generated by org.testng.reporters.JUnitXMLReporter -->
<testsuite hostname="globallogic-HP-ProBook-640-G5" failures="0" tests="4" name="Test Exmaple 1" time="0.026" errors="0" timestamp="3 Jun 2020 07:23:03 GMT">
  <testcase classname="com.qa.test.DemoTest2" name="testDIv" time="0.009"/>
  <testcase classname="com.qa.test.DemoTest2" name="testSub" time="0.001"/>
  <testcase classname="com.qa.test.DemoTest" name="testMultiply" time="0.001"/>
  <testcase classname="com.qa.test.DemoTest" name="testSum" time="0.0"/>
</testsuite> <!-- Test Exmaple 1 -->
