<?xml version="1.0" encoding="UTF-8"?>
<testsuite xmlns:xsi="http://www.w3.org/2001/XMLSchema-instance" xsi:noNamespaceSchemaLocation="https://maven.apache.org/surefire/maven-surefire-plugin/xsd/surefire-test-report.xsd" name="TestSuite" time="8.832" tests="3" errors="0" skipped="0" failures="0">
  <properties>
[...]
</properties>
  <testcase name="testMultiply" classname="com.qa.test.DemoTest" time="0.009"/>
  <testcase name="testSum" classname="com.qa.test.DemoTest" time="0"/>
  <testcase name="homePageTitleTest" classname="com.demoproject.qa.testcases.HomePageTest" time="0.289"/>
</testsuite>