<?xml version="1.0" encoding="UTF-8"?>
<testng-results total="3" passed="3" failed="0" skipped="0">
  <reporter-output>
  </reporter-output>
  <suite started-at="2020-07-11T12:55:30Z" name="Test Suite" finished-at="2020-07-11T12:55:38Z" duration-ms="8056">
    <groups>
    </groups>
    <test started-at="2020-07-11T12:55:30Z" name="Example Test By package" finished-at="2020-07-11T12:55:30Z" duration-ms="23">
      <class name="com.qa.test.DemoTest">
        <test-method signature="testMultiply()[pri:0, instance:com.qa.test.DemoTest@5f71c76a]" started-at="2020-07-11T18:25:30Z" name="testMultiply" finished-at="2020-07-11T18:25:30Z" duration-ms="10" status="PASS">
          <reporter-output>
          </reporter-output>
        </test-method> <!-- testMultiply -->
        <test-method signature="testSum()[pri:0, instance:com.qa.test.DemoTest@5f71c76a]" started-at="2020-07-11T18:25:30Z" name="testSum" finished-at="2020-07-11T18:25:30Z" duration-ms="0" status="PASS">
          <reporter-output>
          </reporter-output>
        </test-method> <!-- testSum -->
      </class> <!-- com.qa.test.DemoTest -->
    </test> <!-- Example Test By package -->
    <test started-at="2020-07-11T12:55:30Z" name="Example Test By class" finished-at="2020-07-11T12:55:38Z" duration-ms="7978">
      <class name="com.demoproject.qa.testcases.HomePageTest">
        <test-method is-config="true" signature="setup()[pri:0, instance:com.demoproject.qa.testcases.HomePageTest@76329302]" started-at="2020-07-11T18:25:30Z" name="setup" finished-at="2020-07-11T18:25:37Z" duration-ms="7614" status="PASS">
          <reporter-output>
          </reporter-output>
        </test-method> <!-- setup -->
        <test-method signature="homePageTitleTest()[pri:0, instance:com.demoproject.qa.testcases.HomePageTest@76329302]" started-at="2020-07-11T18:25:37Z" name="homePageTitleTest" finished-at="2020-07-11T18:25:38Z" duration-ms="290" status="PASS">
          <reporter-output>
          </reporter-output>
        </test-method> <!-- homePageTitleTest -->
        <test-method is-config="true" signature="teardown()[pri:0, instance:com.demoproject.qa.testcases.HomePageTest@76329302]" started-at="2020-07-11T18:25:38Z" name="teardown" finished-at="2020-07-11T18:25:38Z" duration-ms="73" status="PASS">
          <reporter-output>
          </reporter-output>
        </test-method> <!-- teardown -->
      </class> <!-- com.demoproject.qa.testcases.HomePageTest -->
    </test> <!-- Example Test By class -->
  </suite> <!-- Test Suite -->
</testng-results>
