<?xml version="1.0" encoding="UTF-8"?>
<!-- Generated by org.testng.reporters.JUnitXMLReporter -->
<testsuite hostname="globallogic-HP-ProBook-640-G5" failures="0" tests="5" name="Test Exmaple 1" time="22.553" errors="0" timestamp="9 Jun 2020 13:33:22 GMT">
  <testcase classname="com.demoproject.qa.testcases.HomePageTest" name="homePageLogotest" time="0.123"/>
  <testcase classname="com.demoproject.qa.testcases.HomePageTest" name="homePageTitleTest" time="0.129"/>
  <testcase classname="com.qa.test.DemoTest" name="testMultiply" time="0.001"/>
  <testcase classname="com.qa.test.DemoTest" name="testSum" time="0.001"/>
  <testcase classname="com.demoproject.qa.testcases.SignInTest" name="signInPageTitleTest" time="0.024"/>
</testsuite> <!-- Test Exmaple 1 -->
