<?xml version="1.0" encoding="UTF-8"?>
<!-- Generated by org.testng.reporters.JUnitXMLReporter -->
<testsuite hostname="globallogic-HP-ProBook-640-G5" failures="0" tests="3" name="Test By class" time="21.004" errors="0" timestamp="9 Jun 2020 13:40:19 GMT">
  <testcase classname="com.demoproject.qa.testcases.HomePageTest" name="homePageLogotest" time="0.19"/>
  <testcase classname="com.demoproject.qa.testcases.HomePageTest" name="homePageTitleTest" time="0.124"/>
  <testcase classname="com.demoproject.qa.testcases.SignInTest" name="signInPageTitleTest" time="0.028"/>
</testsuite> <!-- Test By class -->
