<?xml version="1.0" encoding="UTF-8"?>
<testng-results total="2" passed="2" failed="0" skipped="0">
  <reporter-output>
  </reporter-output>
  <suite started-at="2020-06-03T06:47:43Z" name="Surefire suite" finished-at="2020-06-03T06:47:43Z" duration-ms="24">
    <groups>
    </groups>
    <test started-at="2020-06-03T06:47:43Z" name="Surefire test" finished-at="2020-06-03T06:47:43Z" duration-ms="24">
      <class name="com.qa.test.DemoTest">
        <test-method signature="testMultiply()[pri:0, instance:com.qa.test.DemoTest@17d677df]" started-at="2020-06-03T12:17:43Z" name="testMultiply" finished-at="2020-06-03T12:17:43Z" duration-ms="12" status="PASS">
          <reporter-output>
          </reporter-output>
        </test-method> <!-- testMultiply -->
        <test-method signature="testSum()[pri:0, instance:com.qa.test.DemoTest@17d677df]" started-at="2020-06-03T12:17:43Z" name="testSum" finished-at="2020-06-03T12:17:43Z" duration-ms="1" status="PASS">
          <reporter-output>
          </reporter-output>
        </test-method> <!-- testSum -->
      </class> <!-- com.qa.test.DemoTest -->
    </test> <!-- Surefire test -->
  </suite> <!-- Surefire suite -->
</testng-results>
