<?xml version="1.0" encoding="UTF-8"?>
<testng-results total="1" passed="1" failed="0" skipped="0">
  <reporter-output>
  </reporter-output>
  <suite started-at="2020-08-27T02:44:59Z" name="YouTube Test Automation Suite" finished-at="2020-08-27T02:45:06Z" duration-ms="7516">
    <groups>
    </groups>
    <test started-at="2020-08-27T02:44:59Z" name="YouTube- Demo Project" finished-at="2020-08-27T02:45:06Z" duration-ms="7516">
      <class name="com.demoproject.qa.testcases.HomePageTest">
        <test-method is-config="true" signature="setup()[pri:0, instance:com.demoproject.qa.testcases.HomePageTest@448ff1a8]" started-at="2020-08-27T08:14:59Z" name="setup" finished-at="2020-08-27T08:15:06Z" duration-ms="7208" status="PASS">
          <reporter-output>
          </reporter-output>
        </test-method> <!-- setup -->
        <test-method signature="homePageTitleTest()[pri:0, instance:com.demoproject.qa.testcases.HomePageTest@448ff1a8]" started-at="2020-08-27T08:15:06Z" name="homePageTitleTest" finished-at="2020-08-27T08:15:06Z" duration-ms="230" status="PASS">
          <reporter-output>
          </reporter-output>
        </test-method> <!-- homePageTitleTest -->
        <test-method is-config="true" signature="teardown()[pri:0, instance:com.demoproject.qa.testcases.HomePageTest@448ff1a8]" started-at="2020-08-27T08:15:06Z" name="teardown" finished-at="2020-08-27T08:15:06Z" duration-ms="70" status="PASS">
          <reporter-output>
          </reporter-output>
        </test-method> <!-- teardown -->
      </class> <!-- com.demoproject.qa.testcases.HomePageTest -->
    </test> <!-- YouTube- Demo Project -->
  </suite> <!-- YouTube Test Automation Suite -->
</testng-results>
