<?xml version="1.0" encoding="UTF-8"?>
<testng-results total="1" passed="1" failed="0" skipped="0">
  <reporter-output>
  </reporter-output>
  <suite started-at="2020-06-03T06:47:44Z" name="Surefire suite" finished-at="2020-06-03T06:47:44Z" duration-ms="35">
    <groups>
    </groups>
    <test started-at="2020-06-03T06:47:44Z" name="Surefire test" finished-at="2020-06-03T06:47:44Z" duration-ms="35">
      <class name="JavaFramework.SeleniumTDDframework.AppTest">
        <test-method signature="shouldAnswerWithTrue()[pri:0, instance:shouldAnswerWithTrue(JavaFramework.SeleniumTDDframework.AppTest)]" started-at="2020-06-03T12:17:44Z" name="shouldAnswerWithTrue" finished-at="2020-06-03T12:17:44Z" duration-ms="2" status="PASS">
          <reporter-output>
          </reporter-output>
        </test-method> <!-- shouldAnswerWithTrue -->
      </class> <!-- JavaFramework.SeleniumTDDframework.AppTest -->
    </test> <!-- Surefire test -->
  </suite> <!-- Surefire suite -->
</testng-results>
